# JRE version: Java(TM) SE Runtime Environment (21.0.6+8) (build 21.0.6+8-LTS-188)
# Java VM: Java HotSpot(TM) 64-Bit Server VM (21.0.6+8-LTS-188, mixed mode, sharing, tiered, compressed oops, compressed class ptrs, g1 gc, windows-amd64)
GC Precious Log:
 CardTable entry size: 512
 Card Set container configuration: InlinePtr #cards 4 size 8 Array Of Cards #cards 16 size 48 Howl #buckets 8 coarsen threshold 3686 Howl Bitmap #cards 512 size 80 coarsen threshold 460 Card regions per heap region 1 cards per card region 4096
 CPUs: 12 total, 12 available
 Memory: 16310M
 Large Page Support: Disabled
 NUMA Support: Disabled
 Compressed Oops: Enabled (Zero based)
 Heap Region Size: 2M
 Heap Min Capacity: 8M
 Heap Initial Capacity: 256M
 Heap Max Capacity: 4078M
 Pre-touch: Disabled
 Parallel Workers: 10
 Concurrent Workers: 3
 Concurrent Refinement Workers: 10
 Periodic GC: Disabled
Heap:
 garbage-first heap   total 262144K, used 40775K [0x0000000701200000, 0x0000000800000000)
  region size 2048K, 9 young (18432K), 1 survivors (2048K)
 Metaspace       used 7237K, committed 7488K, reserved 1114112K
  class space    used 508K, committed 640K, reserved 1048576K
GC Heap History (6 events):
Event: 2.115 GC heap before
{Heap before GC invocations=0 (full 0):
 garbage-first heap   total 262144K, used 22528K [0x0000000701200000, 0x0000000800000000)
  region size 2048K, 11 young (22528K), 0 survivors (0K)
 Metaspace       used 7035K, committed 7296K, reserved 1114112K
  class space    used 502K, committed 640K, reserved 1048576K
}
Event: 2.118 GC heap after
{Heap after GC invocations=1 (full 0):
 garbage-first heap   total 262144K, used 7204K [0x0000000701200000, 0x0000000800000000)
  region size 2048K, 2 young (4096K), 2 survivors (4096K)
 Metaspace       used 7035K, committed 7296K, reserved 1114112K
  class space    used 502K, committed 640K, reserved 1048576K
}
Event: 2.328 GC heap before
{Heap before GC invocations=1 (full 0):
 garbage-first heap   total 262144K, used 35876K [0x0000000701200000, 0x0000000800000000)
  region size 2048K, 16 young (32768K), 2 survivors (4096K)
 Metaspace       used 7097K, committed 7360K, reserved 1114112K
  class space    used 502K, committed 640K, reserved 1048576K
}
Event: 2.332 GC heap after
{Heap after GC invocations=2 (full 0):
 garbage-first heap   total 262144K, used 16076K [0x0000000701200000, 0x0000000800000000)
  region size 2048K, 2 young (4096K), 2 survivors (4096K)
 Metaspace       used 7097K, committed 7360K, reserved 1114112K
  class space    used 502K, committed 640K, reserved 1048576K
}
Event: 2.358 GC heap before
{Heap before GC invocations=2 (full 0):
 garbage-first heap   total 262144K, used 50892K [0x0000000701200000, 0x0000000800000000)
  region size 2048K, 19 young (38912K), 2 survivors (4096K)
 Metaspace       used 7100K, committed 7360K, reserved 1114112K
  class space    used 502K, committed 640K, reserved 1048576K
}
Event: 2.360 GC heap after
{Heap after GC invocations=3 (full 0):
 garbage-first heap   total 262144K, used 16199K [0x0000000701200000, 0x0000000800000000)
  region size 2048K, 1 young (2048K), 1 survivors (2048K)
 Metaspace       used 7100K, committed 7360K, reserved 1114112K
  class space    used 502K, committed 640K, reserved 1048576K
}

